* using log directory ‘/Users/yiannis/Documents/Software/The brglm Package/brglm.Rcheck’
* using R version 2.13.1 (2011-07-08)
* using platform: x86_64-apple-darwin9.8.0 (64-bit)
* using session charset: UTF-8
* checking for file ‘brglm/DESCRIPTION’ ... OK
* checking extension type ... Package
* this is package ‘brglm’ version ‘0.5-6’
* checking package name space information ... OK
* checking package dependencies ... OK
* checking if this is a source package ... OK
* checking for executable files ... OK
* checking whether package ‘brglm’ can be installed ... OK
* checking installed package size ... OK
* checking package directory ... OK
* checking for portable file names ... OK
* checking for sufficient/correct file permissions ... OK
* checking DESCRIPTION meta-information ... OK
* checking top-level files ... OK
* checking index information ... OK
* checking package subdirectories ... OK
* checking R files for non-ASCII characters ... OK
* checking R files for syntax errors ... OK
* loading checks for arch ‘i386’
** checking whether the package can be loaded ... OK
** checking whether the package can be loaded with stated dependencies ... OK
** checking whether the package can be unloaded cleanly ... OK
** checking whether the name space can be loaded with stated dependencies ... OK
** checking whether the name space can be unloaded cleanly ... OK
* loading checks for arch ‘x86_64’
** checking whether the package can be loaded ... OK
** checking whether the package can be loaded with stated dependencies ... OK
** checking whether the package can be unloaded cleanly ... OK
** checking whether the name space can be loaded with stated dependencies ... OK
** checking whether the name space can be unloaded cleanly ... OK
* checking for unstated dependencies in R code ... OK
* checking S3 generic/method consistency ... OK
* checking replacement functions ... OK
* checking foreign function calls ... OK
* checking R code for possible problems ... NOTE
brglm.fit: no visible binding for global variable ‘n’
* checking Rd files ... OK
* checking Rd metadata ... OK
* checking Rd cross-references ... OK
* checking for missing documentation entries ... OK
* checking for code/documentation mismatches ... OK
* checking Rd \usage sections ... OK
* checking Rd contents ... OK
* checking for unstated dependencies in examples ... OK
* checking contents of 'data' directory ... OK
* checking data for non-ASCII characters ... OK
* checking data for ASCII and uncompressed saves ... OK
* checking line endings in C/C++/Fortran sources/headers ... OK
* checking line endings in Makefiles ... OK
* checking for portable use of $(BLAS_LIBS) and $(LAPACK_LIBS) ... OK
* checking examples ...
** running examples for arch ‘i386’ ... OK
** running examples for arch ‘x86_64’ ... OK
* checking PDF version of manual ... OK
