
This is pdfTeX, Version 3.1415926-1.40.11 (TeX Live 2010)
 restricted \write18 enabled.
entering extended mode

(/private/var/folders/_1/rsxwdnjs4_b78xsf1xqyhm5w0000gn/T/Rtmpr9aPPX/Rd2pdf342d
e4ee/Rd2.tex
LaTeX2e <2009/09/24>
Babel <v3.8l> and hyphenation patterns for english, dumylang, nohyphenation, ge
rman-x-2009-06-19, ngerman-x-2009-06-19, ancientgreek, ibycus, arabic, armenian
, basque, bulgarian, catalan, pinyin, coptic, croatian, czech, danish, dutch, u
kenglish, usenglishmax, esperanto, estonian, farsi, finnish, french, galician, 
german, ngerman, swissgerman, monogreek, greek, hungarian, icelandic, assamese,
 bengali, gujarati, hindi, kannada, malayalam, marathi, oriya, panjabi, tamil, 
telugu, indonesian, interlingua, irish, italian, kurmanji, lao, latin, latvian,
 lithuanian, mongolian, mongolianlmc, bokmal, nynorsk, polish, portuguese, roma
nian, russian, sanskrit, serbian, slovak, slovenian, spanish, swedish, turkish,
 turkmen, ukrainian, uppersorbian, welsh, loaded.

(/usr/local/texlive/2010/texmf-dist/tex/latex/base/book.cls
Document Class: book 2007/10/19 v1.4h Standard LaTeX document class
(/usr/local/texlive/2010/texmf-dist/tex/latex/base/bk10.clo))
(/Library/Frameworks/R.framework/Resources/share/texmf/tex/latex/Rd.sty
(/usr/local/texlive/2010/texmf-dist/tex/latex/base/ifthen.sty)
(/usr/local/texlive/2010/texmf-dist/tex/latex/tools/longtable.sty)
(/usr/local/texlive/2010/texmf-dist/tex/latex/tools/bm.sty)
(/usr/local/texlive/2010/texmf-dist/tex/latex/base/alltt.sty)
(/usr/local/texlive/2010/texmf-dist/tex/latex/tools/verbatim.sty)
(/usr/local/texlive/2010/texmf/tex/latex/html/url.sty)
(/Library/Frameworks/R.framework/Resources/share/texmf/tex/latex/upquote.sty
(/usr/local/texlive/2010/texmf-dist/tex/latex/base/textcomp.sty
(/usr/local/texlive/2010/texmf-dist/tex/latex/base/ts1enc.def)))
NOT loading ae (/usr/local/texlive/2010/texmf-dist/tex/latex/base/fontenc.sty
(/usr/local/texlive/2010/texmf-dist/tex/latex/base/t1enc.def))
(/usr/local/texlive/2010/texmf-dist/tex/latex/psnfss/times.sty)
NOT loading lmodern
(/usr/local/texlive/2010/texmf-dist/tex/latex/graphics/color.sty
(/usr/local/texlive/2010/texmf-dist/tex/latex/latexconfig/color.cfg)
(/usr/local/texlive/2010/texmf-dist/tex/latex/pdftex-def/pdftex.def))
(/usr/local/texlive/2010/texmf-dist/tex/latex/hyperref/hyperref.sty
(/usr/local/texlive/2010/texmf-dist/tex/generic/oberdiek/ltxcmds.sty)
(/usr/local/texlive/2010/texmf-dist/tex/latex/graphics/keyval.sty)
(/usr/local/texlive/2010/texmf-dist/tex/generic/oberdiek/kvsetkeys.sty
(/usr/local/texlive/2010/texmf-dist/tex/generic/oberdiek/infwarerr.sty)
(/usr/local/texlive/2010/texmf-dist/tex/generic/oberdiek/etexcmds.sty))
(/usr/local/texlive/2010/texmf-dist/tex/generic/oberdiek/pdfescape.sty
(/usr/local/texlive/2010/texmf-dist/tex/generic/oberdiek/pdftexcmds.sty
(/usr/local/texlive/2010/texmf-dist/tex/generic/oberdiek/ifluatex.sty)))
(/usr/local/texlive/2010/texmf-dist/tex/generic/oberdiek/ifpdf.sty)
(/usr/local/texlive/2010/texmf-dist/tex/generic/oberdiek/ifvtex.sty)
(/usr/local/texlive/2010/texmf-dist/tex/generic/ifxetex/ifxetex.sty)
(/usr/local/texlive/2010/texmf-dist/tex/latex/oberdiek/hycolor.sty
(/usr/local/texlive/2010/texmf-dist/tex/latex/oberdiek/xcolor-patch.sty))
(/usr/local/texlive/2010/texmf-dist/tex/latex/oberdiek/letltxmacro.sty)
(/usr/local/texlive/2010/texmf-dist/tex/latex/hyperref/pd1enc.def)
(/usr/local/texlive/2010/texmf-dist/tex/generic/oberdiek/intcalc.sty)
(/usr/local/texlive/2010/texmf-dist/tex/latex/latexconfig/hyperref.cfg)
(/usr/local/texlive/2010/texmf-dist/tex/latex/oberdiek/kvoptions.sty)
Implicit mode ON; LaTeX internals redefined
(/usr/local/texlive/2010/texmf-dist/tex/generic/oberdiek/bitset.sty
(/usr/local/texlive/2010/texmf-dist/tex/generic/oberdiek/bigintcalc.sty))
(/usr/local/texlive/2010/texmf-dist/tex/generic/oberdiek/atbegshi.sty))
* hyperref using default driver hpdftex *
(/usr/local/texlive/2010/texmf-dist/tex/latex/hyperref/hpdftex.def
(/usr/local/texlive/2010/texmf-dist/tex/latex/oberdiek/atveryend.sty)
(/usr/local/texlive/2010/texmf-dist/tex/latex/oberdiek/rerunfilecheck.sty
(/usr/local/texlive/2010/texmf-dist/tex/generic/oberdiek/uniquecounter.sty)))

Package hyperref Warning: Option `hyperindex' has already been used,
(hyperref)                setting the option has no effect on input line 332.


Package hyperref Warning: Option `pagebackref' has already been used,
(hyperref)                setting the option has no effect on input line 332.

) (/usr/local/texlive/2010/texmf-dist/tex/latex/base/makeidx.sty)
(/usr/local/texlive/2010/texmf-dist/tex/latex/base/inputenc.sty
(/usr/local/texlive/2010/texmf-dist/tex/latex/base/utf8.def
(/usr/local/texlive/2010/texmf-dist/tex/latex/base/t1enc.dfu)
(/usr/local/texlive/2010/texmf-dist/tex/latex/base/ot1enc.dfu)
(/usr/local/texlive/2010/texmf-dist/tex/latex/base/omsenc.dfu)
(/usr/local/texlive/2010/texmf-dist/tex/latex/base/ts1enc.dfu))
(/usr/local/texlive/2010/texmf-dist/tex/latex/base/latin1.def))
Writing index file Rd2.idx
No file Rd2.aux.
(/usr/local/texlive/2010/texmf-dist/tex/latex/base/ts1cmr.fd)
(/usr/local/texlive/2010/texmf-dist/tex/latex/psnfss/t1ptm.fd)
(/usr/local/texlive/2010/texmf-dist/tex/context/base/supp-pdf.mkii
[Loading MPS to PDF converter (version 2006.09.02).]
) (/usr/local/texlive/2010/texmf-dist/tex/latex/hyperref/nameref.sty
(/usr/local/texlive/2010/texmf-dist/tex/latex/oberdiek/refcount.sty)
(/usr/local/texlive/2010/texmf-dist/tex/generic/oberdiek/gettitlestring.sty))
(/usr/local/texlive/2010/texmf-dist/tex/latex/psnfss/t1phv.fd)
(/usr/local/texlive/2010/texmf-dist/tex/latex/psnfss/t1pcr.fd)
(/usr/local/texlive/2010/texmf-dist/tex/latex/base/utf8.def)
(/usr/local/texlive/2010/texmf-dist/tex/latex/psnfss/ts1ptm.fd)
Overfull \hbox (6.78088pt too wide) in paragraph at lines 47--47
 []\T1/pcr/m/n/10 brglm(formula, family = binomial, data, weights, subset, na.a
ction,[] 

Overfull \hbox (48.78088pt too wide) in paragraph at lines 49--49
 []      \T1/pcr/m/n/10 control.glm = glm.control1(...), model = TRUE, method =
 "brglm.fit",[] 

Overfull \hbox (24.78088pt too wide) in paragraph at lines 53--53
 []\T1/pcr/m/n/10 brglm.fit(x, y, weights = rep(1, nobs), start = NULL, etastar
t = NULL,[] 

Overfull \hbox (18.78088pt too wide) in paragraph at lines 54--54
 []          \T1/pcr/m/n/10 mustart = NULL, offset = rep(0, nobs), family = bin
omial(),[] 

Overfull \hbox (6.78088pt too wide) in paragraph at lines 55--55
 []          \T1/pcr/m/n/10 control = glm.control(), control.brglm = brglm.cont
rol(),[] 
[1{/usr/local/texlive/2010/texmf-var/fonts/map/pdftex/updmap/pdftex.map}]
Overfull \hbox (9.18854pt too wide) in paragraph at lines 82--89
[]\T1/ptm/m/n/10 the method to be used for fit-ting the model. The de-fault met
hod is \T1/pcr/m/n/10 "brglm.fit"\T1/ptm/m/n/10 ,

Overfull \hbox (35.7383pt too wide) in paragraph at lines 98--101
[]\T1/ptm/m/n/10 a list of pa-ram-e-ters for con-trol-ling the fit-ting pro-ces
s when \T1/pcr/m/n/10 method = "brglm.fit"\T1/ptm/m/n/10 .

Overfull \hbox (21.67752pt too wide) in paragraph at lines 117--119
[]\T1/ptm/m/n/10 Obtain the pseudo-data rep-re-sen-ta-tion at the cur-rent valu
e of the pa-ram-e-ters (see [][]\T1/pcr/m/n/10 modifications[][][]
[2]
Overfull \hbox (42.94844pt too wide) in paragraph at lines 173--175
[]\T1/ptm/m/n/10 the di-ag-o-nal el-e-ments of the hat ma-trix. Only avail-able
 when \T1/pcr/m/n/10 method = "brglm.fit" 
[3]
Overfull \hbox (27.58754pt too wide) in paragraph at lines 209--221
[]\T1/ptm/m/n/10 2. The use of Akaike's in-for-ma-tion cri-te-rion (AIC) for mo
del se-lec-tion when \T1/pcr/m/n/10 method = "brglm.fit"
[4]
Overfull \hbox (4.10686pt too wide) in paragraph at lines 311--313
[]\T1/ptm/m/n/10 Konishi, S. and Kita-gawa, G. (1996). Gen-er-alised in-for-ma-
tion cri-te-ria in model se-lec-tion. \T1/ptm/m/it/10 Biometrika

Overfull \hbox (2.75702pt too wide) in paragraph at lines 318--321
[]\T1/ptm/m/n/10 Kosmidis, I. and Firth, D. (2009). Bias re-duc-tion in ex-po-n
en-tial fam-ily non-lin-ear mod-els. \T1/ptm/m/it/10 Biometrika
[5] (/usr/local/texlive/2010/texmf-dist/tex/latex/base/utf8.def)
Overfull \hbox (6.24808pt too wide) in paragraph at lines 371--373
[]\T1/ptm/m/n/10 integer giv-ing the max-i-mum num-ber of it-er-a-tions for the
 it-er-a-tion in [][]\T1/pcr/m/n/10 brglm.fit[][][]\T1/ptm/m/n/10 . 
[6] (/usr/local/texlive/2010/texmf-dist/tex/latex/base/utf8.def)
(/usr/local/texlive/2010/texmf-dist/tex/latex/psnfss/ts1pcr.fd)
Overfull \hbox (0.78088pt too wide) in paragraph at lines 430--430
 []        \T1/pcr/m/n/10 stdn = 5, gridsize = 10, scale = FALSE, method = "smo
oth",[] 

Overfull \hbox (0.79874pt too wide) in paragraph at lines 444--450
\T1/ptm/m/n/10 pa-ram-e-ters in the fit-ted model. When \T1/pcr/m/n/10 object \
T1/ptm/m/n/10 is of class \T1/pcr/m/n/10 "profile.brglm"\T1/ptm/m/n/10 ,
[7] [8] [9] (/usr/local/texlive/2010/texmf-dist/tex/latex/base/utf8.def)
(/usr/local/texlive/2010/texmf-dist/tex/latex/base/utf8.def) [10]
(/usr/local/texlive/2010/texmf-dist/tex/latex/base/utf8.def) [11]
(/usr/local/texlive/2010/texmf-dist/tex/latex/base/utf8.def) [12]
Overfull \hbox (11.16077pt too wide) in paragraph at lines 755--758
\T1/pcr/m/n/10 >= 0 | p <= 1\T1/ptm/m/n/10 , for \T1/pcr/m/n/10 length(at) == l
ength(p) \T1/ptm/m/n/10 and for \T1/pcr/m/n/10 length(ap) == length(p)\T1/ptm/m
/n/10 . 
[13]
Overfull \hbox (19.15059pt too wide) in paragraph at lines 883--889
\T1/ptm/m/n/10 di-vide both \T1/pcr/m/n/10 ar \T1/ptm/m/n/10 and \T1/pcr/m/n/10
 at \T1/ptm/m/n/10 by \T1/pcr/m/n/10 pmax(get("hats",parent.frame()),.Machine$d
ouble.eps)
[14]
Underfull \vbox (badness 10000) has occurred while \output is active [15]
Overfull \hbox (15.18042pt too wide) in paragraph at lines 989--989
 []\T1/pcr/m/n/9 m2 <- glm((y+0.5)/(totals+1)~x1+x2,weights=totals+1,family=bin
omial(probit))[] 
(/usr/local/texlive/2010/texmf-dist/tex/latex/base/utf8.def) [16]
(/usr/local/texlive/2010/texmf-dist/tex/latex/base/utf8.def) [17]
Overfull \hbox (0.9995pt too wide) in paragraph at lines 1098--1106
\T1/pcr/m/n/10 = "brglm.fit" \T1/ptm/m/n/10 and \T1/pcr/m/n/10 pl = FALSE profi
lesBR \T1/ptm/m/n/10 is a \T1/pcr/m/n/10 "profileModel"

Overfull \hbox (39.12779pt too wide) in paragraph at lines 1098--1106
\T1/ptm/m/n/10 ob-ject con-tain-ing the pro-files of the mod-i-fied score stati
s-tic (see [][]\T1/pcr/m/n/10 profileObjectives[][][]\T1/ptm/m/n/10 )
(/usr/local/texlive/2010/texmf-dist/tex/latex/base/utf8.def) [18]
(/usr/local/texlive/2010/texmf-dist/tex/latex/base/utf8.def) [19] [20]
No file Rd2.ind.
[21] (./Rd2.aux)

Package rerunfilecheck Warning: File `Rd2.out' has changed.
(rerunfilecheck)                Rerun to get outlines right
(rerunfilecheck)                or use package `bookmark'.

 )
(see the transcript file for additional information)pdfTeX warning (dest): name
{Rfn.RaoScoreStatistic} has been referenced but does not exist, replaced by a f
ixed one

pdfTeX warning (dest): name{Rfn.confint} has been referenced but does not exist
, replaced by a fixed one

pdfTeX warning (dest): name{Rfn.pairs} has been referenced but does not exist, 
replaced by a fixed one

pdfTeX warning (dest): name{Rfn.plot} has been referenced but does not exist, r
eplaced by a fixed one

pdfTeX warning (dest): name{Rfn.plot.profileModel} has been referenced but does
 not exist, replaced by a fixed one

pdfTeX warning (dest): name{Rfn.glm.control} has been referenced but does not e
xist, replaced by a fixed one

pdfTeX warning (dest): name{Rfn.profileModel} has been referenced but does not 
exist, replaced by a fixed one

pdfTeX warning (dest): name{Rfn.confintModel} has been referenced but does not 
exist, replaced by a fixed one

pdfTeX warning (dest): name{Rfn.cat} has been referenced but does not exist, re
placed by a fixed one

pdfTeX warning (dest): name{Rfn.family} has been referenced but does not exist,
 replaced by a fixed one

pdfTeX warning (dest): name{Rfn.residuals} has been referenced but does not exi
st, replaced by a fixed one

pdfTeX warning (dest): name{Rfn.predict} has been referenced but does not exist
, replaced by a fixed one

pdfTeX warning (dest): name{Rfn.vcov} has been referenced but does not exist, r
eplaced by a fixed one

pdfTeX warning (dest): name{Rfn.coefficients} has been referenced but does not 
exist, replaced by a fixed one

pdfTeX warning (dest): name{Rfn.summary} has been referenced but does not exist
, replaced by a fixed one

pdfTeX warning (dest): name{Rfn.print} has been referenced but does not exist, 
replaced by a fixed one

pdfTeX warning (dest): name{Rfn.anova} has been referenced but does not exist, 
replaced by a fixed one

pdfTeX warning (dest): name{Rfn.drop1} has been referenced but does not exist, 
replaced by a fixed one

pdfTeX warning (dest): name{Rfn.add1} has been referenced but does not exist, r
eplaced by a fixed one

pdfTeX warning (dest): name{Rfn.hatvalues} has been referenced but does not exi
st, replaced by a fixed one

pdfTeX warning (dest): name{Rfn.glm.fit} has been referenced but does not exist
, replaced by a fixed one

pdfTeX warning (dest): name{Rfn.glm} has been referenced but does not exist, re
placed by a fixed one

{/usr/local/texlive/2010/texmf-dist/fonts/enc/dvips/base/8r.enc}</usr/local/tex
live/2010/texmf-dist/fonts/type1/public/amsfonts/cm/cmmi10.pfb></usr/local/texl
ive/2010/texmf-dist/fonts/type1/public/amsfonts/cm/cmmi7.pfb></usr/local/texliv
e/2010/texmf-dist/fonts/type1/public/amsfonts/cm/cmr10.pfb></usr/local/texlive/
2010/texmf-dist/fonts/type1/public/amsfonts/cm/cmr7.pfb></usr/local/texlive/201
0/texmf-dist/fonts/type1/public/amsfonts/cm/cmsy10.pfb></usr/local/texlive/2010
/texmf-dist/fonts/type1/public/amsfonts/cm/cmsy7.pfb></usr/local/texlive/2010/t
exmf-dist/fonts/type1/urw/courier/ucrr8a.pfb></usr/local/texlive/2010/texmf-dis
t/fonts/type1/urw/helvetic/uhvr8a.pfb></usr/local/texlive/2010/texmf-dist/fonts
/type1/urw/times/utmb8a.pfb></usr/local/texlive/2010/texmf-dist/fonts/type1/urw
/times/utmbi8a.pfb></usr/local/texlive/2010/texmf-dist/fonts/type1/urw/times/ut
mr8a.pfb></usr/local/texlive/2010/texmf-dist/fonts/type1/urw/times/utmr8a.pfb><
/usr/local/texlive/2010/texmf-dist/fonts/type1/urw/times/utmri8a.pfb>
Output written on Rd2.pdf (21 pages, 185932 bytes).
Transcript written on Rd2.log.
This is makeindex, version 2.15 [TeX Live 2010] (kpathsea + Thai support).
Scanning input file ./Rd2.idx....done (183 entries accepted, 0 rejected).
Sorting entries.....done (1793 comparisons).
Generating output file ./Rd2.ind....done (149 lines written, 1 warning).
Output written in ./Rd2.ind.
Transcript written in ./Rd2.ilg.
This is pdfTeX, Version 3.1415926-1.40.11 (TeX Live 2010)
 restricted \write18 enabled.
entering extended mode

(/private/var/folders/_1/rsxwdnjs4_b78xsf1xqyhm5w0000gn/T/Rtmpr9aPPX/Rd2pdf342d
e4ee/Rd2.tex
LaTeX2e <2009/09/24>
Babel <v3.8l> and hyphenation patterns for english, dumylang, nohyphenation, ge
rman-x-2009-06-19, ngerman-x-2009-06-19, ancientgreek, ibycus, arabic, armenian
, basque, bulgarian, catalan, pinyin, coptic, croatian, czech, danish, dutch, u
kenglish, usenglishmax, esperanto, estonian, farsi, finnish, french, galician, 
german, ngerman, swissgerman, monogreek, greek, hungarian, icelandic, assamese,
 bengali, gujarati, hindi, kannada, malayalam, marathi, oriya, panjabi, tamil, 
telugu, indonesian, interlingua, irish, italian, kurmanji, lao, latin, latvian,
 lithuanian, mongolian, mongolianlmc, bokmal, nynorsk, polish, portuguese, roma
nian, russian, sanskrit, serbian, slovak, slovenian, spanish, swedish, turkish,
 turkmen, ukrainian, uppersorbian, welsh, loaded.

(/usr/local/texlive/2010/texmf-dist/tex/latex/base/book.cls
Document Class: book 2007/10/19 v1.4h Standard LaTeX document class
(/usr/local/texlive/2010/texmf-dist/tex/latex/base/bk10.clo))
(/Library/Frameworks/R.framework/Resources/share/texmf/tex/latex/Rd.sty
(/usr/local/texlive/2010/texmf-dist/tex/latex/base/ifthen.sty)
(/usr/local/texlive/2010/texmf-dist/tex/latex/tools/longtable.sty)
(/usr/local/texlive/2010/texmf-dist/tex/latex/tools/bm.sty)
(/usr/local/texlive/2010/texmf-dist/tex/latex/base/alltt.sty)
(/usr/local/texlive/2010/texmf-dist/tex/latex/tools/verbatim.sty)
(/usr/local/texlive/2010/texmf/tex/latex/html/url.sty)
(/Library/Frameworks/R.framework/Resources/share/texmf/tex/latex/upquote.sty
(/usr/local/texlive/2010/texmf-dist/tex/latex/base/textcomp.sty
(/usr/local/texlive/2010/texmf-dist/tex/latex/base/ts1enc.def)))
NOT loading ae (/usr/local/texlive/2010/texmf-dist/tex/latex/base/fontenc.sty
(/usr/local/texlive/2010/texmf-dist/tex/latex/base/t1enc.def))
(/usr/local/texlive/2010/texmf-dist/tex/latex/psnfss/times.sty)
NOT loading lmodern
(/usr/local/texlive/2010/texmf-dist/tex/latex/graphics/color.sty
(/usr/local/texlive/2010/texmf-dist/tex/latex/latexconfig/color.cfg)
(/usr/local/texlive/2010/texmf-dist/tex/latex/pdftex-def/pdftex.def))
(/usr/local/texlive/2010/texmf-dist/tex/latex/hyperref/hyperref.sty
(/usr/local/texlive/2010/texmf-dist/tex/generic/oberdiek/ltxcmds.sty)
(/usr/local/texlive/2010/texmf-dist/tex/latex/graphics/keyval.sty)
(/usr/local/texlive/2010/texmf-dist/tex/generic/oberdiek/kvsetkeys.sty
(/usr/local/texlive/2010/texmf-dist/tex/generic/oberdiek/infwarerr.sty)
(/usr/local/texlive/2010/texmf-dist/tex/generic/oberdiek/etexcmds.sty))
(/usr/local/texlive/2010/texmf-dist/tex/generic/oberdiek/pdfescape.sty
(/usr/local/texlive/2010/texmf-dist/tex/generic/oberdiek/pdftexcmds.sty
(/usr/local/texlive/2010/texmf-dist/tex/generic/oberdiek/ifluatex.sty)))
(/usr/local/texlive/2010/texmf-dist/tex/generic/oberdiek/ifpdf.sty)
(/usr/local/texlive/2010/texmf-dist/tex/generic/oberdiek/ifvtex.sty)
(/usr/local/texlive/2010/texmf-dist/tex/generic/ifxetex/ifxetex.sty)
(/usr/local/texlive/2010/texmf-dist/tex/latex/oberdiek/hycolor.sty
(/usr/local/texlive/2010/texmf-dist/tex/latex/oberdiek/xcolor-patch.sty))
(/usr/local/texlive/2010/texmf-dist/tex/latex/oberdiek/letltxmacro.sty)
(/usr/local/texlive/2010/texmf-dist/tex/latex/hyperref/pd1enc.def)
(/usr/local/texlive/2010/texmf-dist/tex/generic/oberdiek/intcalc.sty)
(/usr/local/texlive/2010/texmf-dist/tex/latex/latexconfig/hyperref.cfg)
(/usr/local/texlive/2010/texmf-dist/tex/latex/oberdiek/kvoptions.sty)
Implicit mode ON; LaTeX internals redefined
(/usr/local/texlive/2010/texmf-dist/tex/generic/oberdiek/bitset.sty
(/usr/local/texlive/2010/texmf-dist/tex/generic/oberdiek/bigintcalc.sty))
(/usr/local/texlive/2010/texmf-dist/tex/generic/oberdiek/atbegshi.sty))
* hyperref using default driver hpdftex *
(/usr/local/texlive/2010/texmf-dist/tex/latex/hyperref/hpdftex.def
(/usr/local/texlive/2010/texmf-dist/tex/latex/oberdiek/atveryend.sty)
(/usr/local/texlive/2010/texmf-dist/tex/latex/oberdiek/rerunfilecheck.sty
(/usr/local/texlive/2010/texmf-dist/tex/generic/oberdiek/uniquecounter.sty)))

Package hyperref Warning: Option `hyperindex' has already been used,
(hyperref)                setting the option has no effect on input line 332.


Package hyperref Warning: Option `pagebackref' has already been used,
(hyperref)                setting the option has no effect on input line 332.

) (/usr/local/texlive/2010/texmf-dist/tex/latex/base/makeidx.sty)
(/usr/local/texlive/2010/texmf-dist/tex/latex/base/inputenc.sty
(/usr/local/texlive/2010/texmf-dist/tex/latex/base/utf8.def
(/usr/local/texlive/2010/texmf-dist/tex/latex/base/t1enc.dfu)
(/usr/local/texlive/2010/texmf-dist/tex/latex/base/ot1enc.dfu)
(/usr/local/texlive/2010/texmf-dist/tex/latex/base/omsenc.dfu)
(/usr/local/texlive/2010/texmf-dist/tex/latex/base/ts1enc.dfu))
(/usr/local/texlive/2010/texmf-dist/tex/latex/base/latin1.def))
Writing index file Rd2.idx
(./Rd2.aux) (/usr/local/texlive/2010/texmf-dist/tex/latex/base/ts1cmr.fd)
(/usr/local/texlive/2010/texmf-dist/tex/latex/psnfss/t1ptm.fd)
(/usr/local/texlive/2010/texmf-dist/tex/context/base/supp-pdf.mkii
[Loading MPS to PDF converter (version 2006.09.02).]
) (/usr/local/texlive/2010/texmf-dist/tex/latex/hyperref/nameref.sty
(/usr/local/texlive/2010/texmf-dist/tex/latex/oberdiek/refcount.sty)
(/usr/local/texlive/2010/texmf-dist/tex/generic/oberdiek/gettitlestring.sty))
(./Rd2.out) (./Rd2.out)
(/usr/local/texlive/2010/texmf-dist/tex/latex/psnfss/t1phv.fd)
(/usr/local/texlive/2010/texmf-dist/tex/latex/psnfss/t1pcr.fd) (./Rd2.toc)
(/usr/local/texlive/2010/texmf-dist/tex/latex/base/utf8.def)
(/usr/local/texlive/2010/texmf-dist/tex/latex/psnfss/ts1ptm.fd)
Overfull \hbox (6.78088pt too wide) in paragraph at lines 47--47
 []\T1/pcr/m/n/10 brglm(formula, family = binomial, data, weights, subset, na.a
ction,[] 

Overfull \hbox (48.78088pt too wide) in paragraph at lines 49--49
 []      \T1/pcr/m/n/10 control.glm = glm.control1(...), model = TRUE, method =
 "brglm.fit",[] 
[1{/usr/local/texlive/2010/texmf-var/fonts/map/pdftex/updmap/pdftex.map}]
Overfull \hbox (24.78088pt too wide) in paragraph at lines 53--53
 []\T1/pcr/m/n/10 brglm.fit(x, y, weights = rep(1, nobs), start = NULL, etastar
t = NULL,[] 

Overfull \hbox (18.78088pt too wide) in paragraph at lines 54--54
 []          \T1/pcr/m/n/10 mustart = NULL, offset = rep(0, nobs), family = bin
omial(),[] 

Overfull \hbox (6.78088pt too wide) in paragraph at lines 55--55
 []          \T1/pcr/m/n/10 control = glm.control(), control.brglm = brglm.cont
rol(),[] 

Overfull \hbox (9.18854pt too wide) in paragraph at lines 82--89
[]\T1/ptm/m/n/10 the method to be used for fit-ting the model. The de-fault met
hod is \T1/pcr/m/n/10 "brglm.fit"\T1/ptm/m/n/10 ,

Overfull \hbox (35.7383pt too wide) in paragraph at lines 98--101
[]\T1/ptm/m/n/10 a list of pa-ram-e-ters for con-trol-ling the fit-ting pro-ces
s when \T1/pcr/m/n/10 method = "brglm.fit"\T1/ptm/m/n/10 .
[2]
Overfull \hbox (21.67752pt too wide) in paragraph at lines 117--119
[]\T1/ptm/m/n/10 Obtain the pseudo-data rep-re-sen-ta-tion at the cur-rent valu
e of the pa-ram-e-ters (see [][]\T1/pcr/m/n/10 modifications[][][]
[3]
Overfull \hbox (42.94844pt too wide) in paragraph at lines 173--175
[]\T1/ptm/m/n/10 the di-ag-o-nal el-e-ments of the hat ma-trix. Only avail-able
 when \T1/pcr/m/n/10 method = "brglm.fit" 

Overfull \hbox (27.58754pt too wide) in paragraph at lines 209--221
[]\T1/ptm/m/n/10 2. The use of Akaike's in-for-ma-tion cri-te-rion (AIC) for mo
del se-lec-tion when \T1/pcr/m/n/10 method = "brglm.fit"
[4] [5]
Overfull \hbox (4.10686pt too wide) in paragraph at lines 311--313
[]\T1/ptm/m/n/10 Konishi, S. and Kita-gawa, G. (1996). Gen-er-alised in-for-ma-
tion cri-te-ria in model se-lec-tion. \T1/ptm/m/it/10 Biometrika

Overfull \hbox (2.75702pt too wide) in paragraph at lines 318--321
[]\T1/ptm/m/n/10 Kosmidis, I. and Firth, D. (2009). Bias re-duc-tion in ex-po-n
en-tial fam-ily non-lin-ear mod-els. \T1/ptm/m/it/10 Biometrika
(/usr/local/texlive/2010/texmf-dist/tex/latex/base/utf8.def) [6]
Overfull \hbox (6.24808pt too wide) in paragraph at lines 371--373
[]\T1/ptm/m/n/10 integer giv-ing the max-i-mum num-ber of it-er-a-tions for the
 it-er-a-tion in [][]\T1/pcr/m/n/10 brglm.fit[][][]\T1/ptm/m/n/10 . 
(/usr/local/texlive/2010/texmf-dist/tex/latex/base/utf8.def)
(/usr/local/texlive/2010/texmf-dist/tex/latex/psnfss/ts1pcr.fd)
Overfull \hbox (0.78088pt too wide) in paragraph at lines 430--430
 []        \T1/pcr/m/n/10 stdn = 5, gridsize = 10, scale = FALSE, method = "smo
oth",[] 
[7]
Overfull \hbox (0.79874pt too wide) in paragraph at lines 444--450
\T1/ptm/m/n/10 pa-ram-e-ters in the fit-ted model. When \T1/pcr/m/n/10 object \
T1/ptm/m/n/10 is of class \T1/pcr/m/n/10 "profile.brglm"\T1/ptm/m/n/10 ,
[8] [9] (/usr/local/texlive/2010/texmf-dist/tex/latex/base/utf8.def) [10]
(/usr/local/texlive/2010/texmf-dist/tex/latex/base/utf8.def)
(/usr/local/texlive/2010/texmf-dist/tex/latex/base/utf8.def) [11]
(/usr/local/texlive/2010/texmf-dist/tex/latex/base/utf8.def) [12]
Overfull \hbox (11.16077pt too wide) in paragraph at lines 755--758
\T1/pcr/m/n/10 >= 0 | p <= 1\T1/ptm/m/n/10 , for \T1/pcr/m/n/10 length(at) == l
ength(p) \T1/ptm/m/n/10 and for \T1/pcr/m/n/10 length(ap) == length(p)\T1/ptm/m
/n/10 . 
[13] [14]
Overfull \hbox (19.15059pt too wide) in paragraph at lines 883--889
\T1/ptm/m/n/10 di-vide both \T1/pcr/m/n/10 ar \T1/ptm/m/n/10 and \T1/pcr/m/n/10
 at \T1/ptm/m/n/10 by \T1/pcr/m/n/10 pmax(get("hats",parent.frame()),.Machine$d
ouble.eps)
[15]
Overfull \hbox (15.18042pt too wide) in paragraph at lines 989--989
 []\T1/pcr/m/n/9 m2 <- glm((y+0.5)/(totals+1)~x1+x2,weights=totals+1,family=bin
omial(probit))[] 

Underfull \vbox (badness 10000) has occurred while \output is active [16]
(/usr/local/texlive/2010/texmf-dist/tex/latex/base/utf8.def)
(/usr/local/texlive/2010/texmf-dist/tex/latex/base/utf8.def) [17]
Overfull \hbox (0.9995pt too wide) in paragraph at lines 1098--1106
\T1/pcr/m/n/10 = "brglm.fit" \T1/ptm/m/n/10 and \T1/pcr/m/n/10 pl = FALSE profi
lesBR \T1/ptm/m/n/10 is a \T1/pcr/m/n/10 "profileModel"

Overfull \hbox (39.12779pt too wide) in paragraph at lines 1098--1106
\T1/ptm/m/n/10 ob-ject con-tain-ing the pro-files of the mod-i-fied score stati
s-tic (see [][]\T1/pcr/m/n/10 profileObjectives[][][]\T1/ptm/m/n/10 )
[18] (/usr/local/texlive/2010/texmf-dist/tex/latex/base/utf8.def) [19]
(/usr/local/texlive/2010/texmf-dist/tex/latex/base/utf8.def) [20] (./Rd2.ind
[21] [22] [23]) (./Rd2.aux)

Package rerunfilecheck Warning: File `Rd2.out' has changed.
(rerunfilecheck)                Rerun to get outlines right
(rerunfilecheck)                or use package `bookmark'.

 )
(see the transcript file for additional information)pdfTeX warning (dest): name
{Rfn.RaoScoreStatistic} has been referenced but does not exist, replaced by a f
ixed one

pdfTeX warning (dest): name{Rfn.confint} has been referenced but does not exist
, replaced by a fixed one

pdfTeX warning (dest): name{Rfn.pairs} has been referenced but does not exist, 
replaced by a fixed one

pdfTeX warning (dest): name{Rfn.plot} has been referenced but does not exist, r
eplaced by a fixed one

pdfTeX warning (dest): name{Rfn.plot.profileModel} has been referenced but does
 not exist, replaced by a fixed one

pdfTeX warning (dest): name{Rfn.glm.control} has been referenced but does not e
xist, replaced by a fixed one

pdfTeX warning (dest): name{Rfn.profileModel} has been referenced but does not 
exist, replaced by a fixed one

pdfTeX warning (dest): name{Rfn.confintModel} has been referenced but does not 
exist, replaced by a fixed one

pdfTeX warning (dest): name{Rfn.cat} has been referenced but does not exist, re
placed by a fixed one

pdfTeX warning (dest): name{Rfn.family} has been referenced but does not exist,
 replaced by a fixed one

pdfTeX warning (dest): name{Rfn.residuals} has been referenced but does not exi
st, replaced by a fixed one

pdfTeX warning (dest): name{Rfn.predict} has been referenced but does not exist
, replaced by a fixed one

pdfTeX warning (dest): name{Rfn.vcov} has been referenced but does not exist, r
eplaced by a fixed one

pdfTeX warning (dest): name{Rfn.coefficients} has been referenced but does not 
exist, replaced by a fixed one

pdfTeX warning (dest): name{Rfn.summary} has been referenced but does not exist
, replaced by a fixed one

pdfTeX warning (dest): name{Rfn.print} has been referenced but does not exist, 
replaced by a fixed one

pdfTeX warning (dest): name{Rfn.anova} has been referenced but does not exist, 
replaced by a fixed one

pdfTeX warning (dest): name{Rfn.drop1} has been referenced but does not exist, 
replaced by a fixed one

pdfTeX warning (dest): name{Rfn.add1} has been referenced but does not exist, r
eplaced by a fixed one

pdfTeX warning (dest): name{Rfn.hatvalues} has been referenced but does not exi
st, replaced by a fixed one

pdfTeX warning (dest): name{Rfn.glm.fit} has been referenced but does not exist
, replaced by a fixed one

pdfTeX warning (dest): name{Rfn.glm} has been referenced but does not exist, re
placed by a fixed one

{/usr/local/texlive/2010/texmf-dist/fonts/enc/dvips/base/8r.enc}</usr/local/tex
live/2010/texmf-dist/fonts/type1/public/amsfonts/cm/cmmi10.pfb></usr/local/texl
ive/2010/texmf-dist/fonts/type1/public/amsfonts/cm/cmmi7.pfb></usr/local/texliv
e/2010/texmf-dist/fonts/type1/public/amsfonts/cm/cmr10.pfb></usr/local/texlive/
2010/texmf-dist/fonts/type1/public/amsfonts/cm/cmr7.pfb></usr/local/texlive/201
0/texmf-dist/fonts/type1/public/amsfonts/cm/cmsy10.pfb></usr/local/texlive/2010
/texmf-dist/fonts/type1/public/amsfonts/cm/cmsy7.pfb></usr/local/texlive/2010/t
exmf-dist/fonts/type1/urw/courier/ucrr8a.pfb></usr/local/texlive/2010/texmf-dis
t/fonts/type1/urw/courier/ucrro8a.pfb></usr/local/texlive/2010/texmf-dist/fonts
/type1/urw/helvetic/uhvr8a.pfb></usr/local/texlive/2010/texmf-dist/fonts/type1/
urw/times/utmb8a.pfb></usr/local/texlive/2010/texmf-dist/fonts/type1/urw/times/
utmbi8a.pfb></usr/local/texlive/2010/texmf-dist/fonts/type1/urw/times/utmr8a.pf
b></usr/local/texlive/2010/texmf-dist/fonts/type1/urw/times/utmr8a.pfb></usr/lo
cal/texlive/2010/texmf-dist/fonts/type1/urw/times/utmri8a.pfb>
Output written on Rd2.pdf (23 pages, 202988 bytes).
Transcript written on Rd2.log.
This is makeindex, version 2.15 [TeX Live 2010] (kpathsea + Thai support).
Scanning input file ./Rd2.idx....done (183 entries accepted, 0 rejected).
Sorting entries.....done (1851 comparisons).
Generating output file ./Rd2.ind....done (149 lines written, 0 warnings).
Output written in ./Rd2.ind.
Transcript written in ./Rd2.ilg.
This is pdfTeX, Version 3.1415926-1.40.11 (TeX Live 2010)
 restricted \write18 enabled.
entering extended mode

(/private/var/folders/_1/rsxwdnjs4_b78xsf1xqyhm5w0000gn/T/Rtmpr9aPPX/Rd2pdf342d
e4ee/Rd2.tex
LaTeX2e <2009/09/24>
Babel <v3.8l> and hyphenation patterns for english, dumylang, nohyphenation, ge
rman-x-2009-06-19, ngerman-x-2009-06-19, ancientgreek, ibycus, arabic, armenian
, basque, bulgarian, catalan, pinyin, coptic, croatian, czech, danish, dutch, u
kenglish, usenglishmax, esperanto, estonian, farsi, finnish, french, galician, 
german, ngerman, swissgerman, monogreek, greek, hungarian, icelandic, assamese,
 bengali, gujarati, hindi, kannada, malayalam, marathi, oriya, panjabi, tamil, 
telugu, indonesian, interlingua, irish, italian, kurmanji, lao, latin, latvian,
 lithuanian, mongolian, mongolianlmc, bokmal, nynorsk, polish, portuguese, roma
nian, russian, sanskrit, serbian, slovak, slovenian, spanish, swedish, turkish,
 turkmen, ukrainian, uppersorbian, welsh, loaded.

(/usr/local/texlive/2010/texmf-dist/tex/latex/base/book.cls
Document Class: book 2007/10/19 v1.4h Standard LaTeX document class
(/usr/local/texlive/2010/texmf-dist/tex/latex/base/bk10.clo))
(/Library/Frameworks/R.framework/Resources/share/texmf/tex/latex/Rd.sty
(/usr/local/texlive/2010/texmf-dist/tex/latex/base/ifthen.sty)
(/usr/local/texlive/2010/texmf-dist/tex/latex/tools/longtable.sty)
(/usr/local/texlive/2010/texmf-dist/tex/latex/tools/bm.sty)
(/usr/local/texlive/2010/texmf-dist/tex/latex/base/alltt.sty)
(/usr/local/texlive/2010/texmf-dist/tex/latex/tools/verbatim.sty)
(/usr/local/texlive/2010/texmf/tex/latex/html/url.sty)
(/Library/Frameworks/R.framework/Resources/share/texmf/tex/latex/upquote.sty
(/usr/local/texlive/2010/texmf-dist/tex/latex/base/textcomp.sty
(/usr/local/texlive/2010/texmf-dist/tex/latex/base/ts1enc.def)))
NOT loading ae (/usr/local/texlive/2010/texmf-dist/tex/latex/base/fontenc.sty
(/usr/local/texlive/2010/texmf-dist/tex/latex/base/t1enc.def))
(/usr/local/texlive/2010/texmf-dist/tex/latex/psnfss/times.sty)
NOT loading lmodern
(/usr/local/texlive/2010/texmf-dist/tex/latex/graphics/color.sty
(/usr/local/texlive/2010/texmf-dist/tex/latex/latexconfig/color.cfg)
(/usr/local/texlive/2010/texmf-dist/tex/latex/pdftex-def/pdftex.def))
(/usr/local/texlive/2010/texmf-dist/tex/latex/hyperref/hyperref.sty
(/usr/local/texlive/2010/texmf-dist/tex/generic/oberdiek/ltxcmds.sty)
(/usr/local/texlive/2010/texmf-dist/tex/latex/graphics/keyval.sty)
(/usr/local/texlive/2010/texmf-dist/tex/generic/oberdiek/kvsetkeys.sty
(/usr/local/texlive/2010/texmf-dist/tex/generic/oberdiek/infwarerr.sty)
(/usr/local/texlive/2010/texmf-dist/tex/generic/oberdiek/etexcmds.sty))
(/usr/local/texlive/2010/texmf-dist/tex/generic/oberdiek/pdfescape.sty
(/usr/local/texlive/2010/texmf-dist/tex/generic/oberdiek/pdftexcmds.sty
(/usr/local/texlive/2010/texmf-dist/tex/generic/oberdiek/ifluatex.sty)))
(/usr/local/texlive/2010/texmf-dist/tex/generic/oberdiek/ifpdf.sty)
(/usr/local/texlive/2010/texmf-dist/tex/generic/oberdiek/ifvtex.sty)
(/usr/local/texlive/2010/texmf-dist/tex/generic/ifxetex/ifxetex.sty)
(/usr/local/texlive/2010/texmf-dist/tex/latex/oberdiek/hycolor.sty
(/usr/local/texlive/2010/texmf-dist/tex/latex/oberdiek/xcolor-patch.sty))
(/usr/local/texlive/2010/texmf-dist/tex/latex/oberdiek/letltxmacro.sty)
(/usr/local/texlive/2010/texmf-dist/tex/latex/hyperref/pd1enc.def)
(/usr/local/texlive/2010/texmf-dist/tex/generic/oberdiek/intcalc.sty)
(/usr/local/texlive/2010/texmf-dist/tex/latex/latexconfig/hyperref.cfg)
(/usr/local/texlive/2010/texmf-dist/tex/latex/oberdiek/kvoptions.sty)
Implicit mode ON; LaTeX internals redefined
(/usr/local/texlive/2010/texmf-dist/tex/generic/oberdiek/bitset.sty
(/usr/local/texlive/2010/texmf-dist/tex/generic/oberdiek/bigintcalc.sty))
(/usr/local/texlive/2010/texmf-dist/tex/generic/oberdiek/atbegshi.sty))
* hyperref using default driver hpdftex *
(/usr/local/texlive/2010/texmf-dist/tex/latex/hyperref/hpdftex.def
(/usr/local/texlive/2010/texmf-dist/tex/latex/oberdiek/atveryend.sty)
(/usr/local/texlive/2010/texmf-dist/tex/latex/oberdiek/rerunfilecheck.sty
(/usr/local/texlive/2010/texmf-dist/tex/generic/oberdiek/uniquecounter.sty)))

Package hyperref Warning: Option `hyperindex' has already been used,
(hyperref)                setting the option has no effect on input line 332.


Package hyperref Warning: Option `pagebackref' has already been used,
(hyperref)                setting the option has no effect on input line 332.

) (/usr/local/texlive/2010/texmf-dist/tex/latex/base/makeidx.sty)
(/usr/local/texlive/2010/texmf-dist/tex/latex/base/inputenc.sty
(/usr/local/texlive/2010/texmf-dist/tex/latex/base/utf8.def
(/usr/local/texlive/2010/texmf-dist/tex/latex/base/t1enc.dfu)
(/usr/local/texlive/2010/texmf-dist/tex/latex/base/ot1enc.dfu)
(/usr/local/texlive/2010/texmf-dist/tex/latex/base/omsenc.dfu)
(/usr/local/texlive/2010/texmf-dist/tex/latex/base/ts1enc.dfu))
(/usr/local/texlive/2010/texmf-dist/tex/latex/base/latin1.def))
Writing index file Rd2.idx
(./Rd2.aux) (/usr/local/texlive/2010/texmf-dist/tex/latex/base/ts1cmr.fd)
(/usr/local/texlive/2010/texmf-dist/tex/latex/psnfss/t1ptm.fd)
(/usr/local/texlive/2010/texmf-dist/tex/context/base/supp-pdf.mkii
[Loading MPS to PDF converter (version 2006.09.02).]
) (/usr/local/texlive/2010/texmf-dist/tex/latex/hyperref/nameref.sty
(/usr/local/texlive/2010/texmf-dist/tex/latex/oberdiek/refcount.sty)
(/usr/local/texlive/2010/texmf-dist/tex/generic/oberdiek/gettitlestring.sty))
(./Rd2.out) (./Rd2.out)
(/usr/local/texlive/2010/texmf-dist/tex/latex/psnfss/t1phv.fd)
(/usr/local/texlive/2010/texmf-dist/tex/latex/psnfss/t1pcr.fd) (./Rd2.toc)
(/usr/local/texlive/2010/texmf-dist/tex/latex/base/utf8.def)
(/usr/local/texlive/2010/texmf-dist/tex/latex/psnfss/ts1ptm.fd)
Overfull \hbox (6.78088pt too wide) in paragraph at lines 47--47
 []\T1/pcr/m/n/10 brglm(formula, family = binomial, data, weights, subset, na.a
ction,[] 

Overfull \hbox (48.78088pt too wide) in paragraph at lines 49--49
 []      \T1/pcr/m/n/10 control.glm = glm.control1(...), model = TRUE, method =
 "brglm.fit",[] 
[1{/usr/local/texlive/2010/texmf-var/fonts/map/pdftex/updmap/pdftex.map}]
Overfull \hbox (24.78088pt too wide) in paragraph at lines 53--53
 []\T1/pcr/m/n/10 brglm.fit(x, y, weights = rep(1, nobs), start = NULL, etastar
t = NULL,[] 

Overfull \hbox (18.78088pt too wide) in paragraph at lines 54--54
 []          \T1/pcr/m/n/10 mustart = NULL, offset = rep(0, nobs), family = bin
omial(),[] 

Overfull \hbox (6.78088pt too wide) in paragraph at lines 55--55
 []          \T1/pcr/m/n/10 control = glm.control(), control.brglm = brglm.cont
rol(),[] 

Overfull \hbox (9.18854pt too wide) in paragraph at lines 82--89
[]\T1/ptm/m/n/10 the method to be used for fit-ting the model. The de-fault met
hod is \T1/pcr/m/n/10 "brglm.fit"\T1/ptm/m/n/10 ,

Overfull \hbox (35.7383pt too wide) in paragraph at lines 98--101
[]\T1/ptm/m/n/10 a list of pa-ram-e-ters for con-trol-ling the fit-ting pro-ces
s when \T1/pcr/m/n/10 method = "brglm.fit"\T1/ptm/m/n/10 .
[2]
Overfull \hbox (21.67752pt too wide) in paragraph at lines 117--119
[]\T1/ptm/m/n/10 Obtain the pseudo-data rep-re-sen-ta-tion at the cur-rent valu
e of the pa-ram-e-ters (see [][]\T1/pcr/m/n/10 modifications[][][]
[3]
Overfull \hbox (42.94844pt too wide) in paragraph at lines 173--175
[]\T1/ptm/m/n/10 the di-ag-o-nal el-e-ments of the hat ma-trix. Only avail-able
 when \T1/pcr/m/n/10 method = "brglm.fit" 

Overfull \hbox (27.58754pt too wide) in paragraph at lines 209--221
[]\T1/ptm/m/n/10 2. The use of Akaike's in-for-ma-tion cri-te-rion (AIC) for mo
del se-lec-tion when \T1/pcr/m/n/10 method = "brglm.fit"
[4] [5]
Overfull \hbox (4.10686pt too wide) in paragraph at lines 311--313
[]\T1/ptm/m/n/10 Konishi, S. and Kita-gawa, G. (1996). Gen-er-alised in-for-ma-
tion cri-te-ria in model se-lec-tion. \T1/ptm/m/it/10 Biometrika

Overfull \hbox (2.75702pt too wide) in paragraph at lines 318--321
[]\T1/ptm/m/n/10 Kosmidis, I. and Firth, D. (2009). Bias re-duc-tion in ex-po-n
en-tial fam-ily non-lin-ear mod-els. \T1/ptm/m/it/10 Biometrika
(/usr/local/texlive/2010/texmf-dist/tex/latex/base/utf8.def) [6]
Overfull \hbox (6.24808pt too wide) in paragraph at lines 371--373
[]\T1/ptm/m/n/10 integer giv-ing the max-i-mum num-ber of it-er-a-tions for the
 it-er-a-tion in [][]\T1/pcr/m/n/10 brglm.fit[][][]\T1/ptm/m/n/10 . 
(/usr/local/texlive/2010/texmf-dist/tex/latex/base/utf8.def)
(/usr/local/texlive/2010/texmf-dist/tex/latex/psnfss/ts1pcr.fd)
Overfull \hbox (0.78088pt too wide) in paragraph at lines 430--430
 []        \T1/pcr/m/n/10 stdn = 5, gridsize = 10, scale = FALSE, method = "smo
oth",[] 
[7]
Overfull \hbox (0.79874pt too wide) in paragraph at lines 444--450
\T1/ptm/m/n/10 pa-ram-e-ters in the fit-ted model. When \T1/pcr/m/n/10 object \
T1/ptm/m/n/10 is of class \T1/pcr/m/n/10 "profile.brglm"\T1/ptm/m/n/10 ,
[8] [9] (/usr/local/texlive/2010/texmf-dist/tex/latex/base/utf8.def) [10]
(/usr/local/texlive/2010/texmf-dist/tex/latex/base/utf8.def)
(/usr/local/texlive/2010/texmf-dist/tex/latex/base/utf8.def) [11]
(/usr/local/texlive/2010/texmf-dist/tex/latex/base/utf8.def) [12]
Overfull \hbox (11.16077pt too wide) in paragraph at lines 755--758
\T1/pcr/m/n/10 >= 0 | p <= 1\T1/ptm/m/n/10 , for \T1/pcr/m/n/10 length(at) == l
ength(p) \T1/ptm/m/n/10 and for \T1/pcr/m/n/10 length(ap) == length(p)\T1/ptm/m
/n/10 . 
[13] [14]
Overfull \hbox (19.15059pt too wide) in paragraph at lines 883--889
\T1/ptm/m/n/10 di-vide both \T1/pcr/m/n/10 ar \T1/ptm/m/n/10 and \T1/pcr/m/n/10
 at \T1/ptm/m/n/10 by \T1/pcr/m/n/10 pmax(get("hats",parent.frame()),.Machine$d
ouble.eps)
[15]
Overfull \hbox (15.18042pt too wide) in paragraph at lines 989--989
 []\T1/pcr/m/n/9 m2 <- glm((y+0.5)/(totals+1)~x1+x2,weights=totals+1,family=bin
omial(probit))[] 

Underfull \vbox (badness 10000) has occurred while \output is active [16]
(/usr/local/texlive/2010/texmf-dist/tex/latex/base/utf8.def)
(/usr/local/texlive/2010/texmf-dist/tex/latex/base/utf8.def) [17]
Overfull \hbox (0.9995pt too wide) in paragraph at lines 1098--1106
\T1/pcr/m/n/10 = "brglm.fit" \T1/ptm/m/n/10 and \T1/pcr/m/n/10 pl = FALSE profi
lesBR \T1/ptm/m/n/10 is a \T1/pcr/m/n/10 "profileModel"

Overfull \hbox (39.12779pt too wide) in paragraph at lines 1098--1106
\T1/ptm/m/n/10 ob-ject con-tain-ing the pro-files of the mod-i-fied score stati
s-tic (see [][]\T1/pcr/m/n/10 profileObjectives[][][]\T1/ptm/m/n/10 )
[18] (/usr/local/texlive/2010/texmf-dist/tex/latex/base/utf8.def) [19]
(/usr/local/texlive/2010/texmf-dist/tex/latex/base/utf8.def) [20] (./Rd2.ind
[21] [22] [23]) (./Rd2.aux) )
(see the transcript file for additional information)pdfTeX warning (dest): name
{Rfn.RaoScoreStatistic} has been referenced but does not exist, replaced by a f
ixed one

pdfTeX warning (dest): name{Rfn.confint} has been referenced but does not exist
, replaced by a fixed one

pdfTeX warning (dest): name{Rfn.pairs} has been referenced but does not exist, 
replaced by a fixed one

pdfTeX warning (dest): name{Rfn.plot} has been referenced but does not exist, r
eplaced by a fixed one

pdfTeX warning (dest): name{Rfn.plot.profileModel} has been referenced but does
 not exist, replaced by a fixed one

pdfTeX warning (dest): name{Rfn.glm.control} has been referenced but does not e
xist, replaced by a fixed one

pdfTeX warning (dest): name{Rfn.profileModel} has been referenced but does not 
exist, replaced by a fixed one

pdfTeX warning (dest): name{Rfn.confintModel} has been referenced but does not 
exist, replaced by a fixed one

pdfTeX warning (dest): name{Rfn.cat} has been referenced but does not exist, re
placed by a fixed one

pdfTeX warning (dest): name{Rfn.family} has been referenced but does not exist,
 replaced by a fixed one

pdfTeX warning (dest): name{Rfn.residuals} has been referenced but does not exi
st, replaced by a fixed one

pdfTeX warning (dest): name{Rfn.predict} has been referenced but does not exist
, replaced by a fixed one

pdfTeX warning (dest): name{Rfn.vcov} has been referenced but does not exist, r
eplaced by a fixed one

pdfTeX warning (dest): name{Rfn.coefficients} has been referenced but does not 
exist, replaced by a fixed one

pdfTeX warning (dest): name{Rfn.summary} has been referenced but does not exist
, replaced by a fixed one

pdfTeX warning (dest): name{Rfn.print} has been referenced but does not exist, 
replaced by a fixed one

pdfTeX warning (dest): name{Rfn.anova} has been referenced but does not exist, 
replaced by a fixed one

pdfTeX warning (dest): name{Rfn.drop1} has been referenced but does not exist, 
replaced by a fixed one

pdfTeX warning (dest): name{Rfn.add1} has been referenced but does not exist, r
eplaced by a fixed one

pdfTeX warning (dest): name{Rfn.hatvalues} has been referenced but does not exi
st, replaced by a fixed one

pdfTeX warning (dest): name{Rfn.glm.fit} has been referenced but does not exist
, replaced by a fixed one

pdfTeX warning (dest): name{Rfn.glm} has been referenced but does not exist, re
placed by a fixed one

{/usr/local/texlive/2010/texmf-dist/fonts/enc/dvips/base/8r.enc}</usr/local/tex
live/2010/texmf-dist/fonts/type1/public/amsfonts/cm/cmmi10.pfb></usr/local/texl
ive/2010/texmf-dist/fonts/type1/public/amsfonts/cm/cmmi7.pfb></usr/local/texliv
e/2010/texmf-dist/fonts/type1/public/amsfonts/cm/cmr10.pfb></usr/local/texlive/
2010/texmf-dist/fonts/type1/public/amsfonts/cm/cmr7.pfb></usr/local/texlive/201
0/texmf-dist/fonts/type1/public/amsfonts/cm/cmsy10.pfb></usr/local/texlive/2010
/texmf-dist/fonts/type1/public/amsfonts/cm/cmsy7.pfb></usr/local/texlive/2010/t
exmf-dist/fonts/type1/urw/courier/ucrr8a.pfb></usr/local/texlive/2010/texmf-dis
t/fonts/type1/urw/courier/ucrro8a.pfb></usr/local/texlive/2010/texmf-dist/fonts
/type1/urw/helvetic/uhvr8a.pfb></usr/local/texlive/2010/texmf-dist/fonts/type1/
urw/times/utmb8a.pfb></usr/local/texlive/2010/texmf-dist/fonts/type1/urw/times/
utmbi8a.pfb></usr/local/texlive/2010/texmf-dist/fonts/type1/urw/times/utmr8a.pf
b></usr/local/texlive/2010/texmf-dist/fonts/type1/urw/times/utmr8a.pfb></usr/lo
cal/texlive/2010/texmf-dist/fonts/type1/urw/times/utmri8a.pfb>
Output written on Rd2.pdf (23 pages, 203188 bytes).
Transcript written on Rd2.log.
Saving output to 'brglm-manual.pdf' ...
Done
You may want to clean up by 'rm -rf /var/folders/_1/rsxwdnjs4_b78xsf1xqyhm5w0000gn/T//Rtmpr9aPPX/Rd2pdf342de4ee'
